Using pre-set license
Built from '2020.3/staging' branch; Version is '2020.3.3f1 (76626098c1c4) revision 7758432'; Using compiler version '192528614'; Build Type 'Release'
OS: 'Windows 10 Pro; OS build 19042.928; Version 2009; 64bit' Language: 'ko' Physical Memory: 16342 MB
BatchMode: 1, IsHumanControllingUs: 0, StartBugReporterOnCrash: 0, Is64bit: 1, IsPro: 0

 COMMAND LINE ARGUMENTS:
D:\Data\2020.3.3f1\Editor\Unity.exe
-adb2
-batchMode
-noUpm
-name
AssetImportWorker0
-projectPath
C:/Users/PKNU/Desktop/연습/New Unity Project
-logFile
Logs/AssetImportWorker0.log
-srvPort
2034
Successfully changed project path to: C:/Users/PKNU/Desktop/연습/New Unity Project
C:/Users/PKNU/Desktop/연습/New Unity Project
Using Asset Import Pipeline V2.
Refreshing native plugins compatible for Editor in 25.85 ms, found 0 plugins.
Preloading 0 native plugins for Editor in 0.00 ms.
Initialize engine version: 2020.3.3f1 (76626098c1c4)
[Subsystems] Discovering subsystems at path D:/Data/2020.3.3f1/Editor/Data/Resources/UnitySubsystems
[Subsystems] Discovering subsystems at path C:/Users/PKNU/Desktop/연습/New Unity Project/Assets
GfxDevice: creating device client; threaded=0
Direct3D:
    Version:  Direct3D 11.0 [level 11.0]
    Renderer: NVIDIA GeForce GT 730 (ID=0x1287)
    Vendor:   
    VRAM:     2007 MB
    Driver:   27.21.14.5671
Initialize mono
Mono path[0] = 'D:/Data/2020.3.3f1/Editor/Data/Managed'
Mono path[1] = 'D:/Data/2020.3.3f1/Editor/Data/MonoBleedingEdge/lib/mono/unityjit'
Mono config path = 'D:/Data/2020.3.3f1/Editor/Data/MonoBleedingEdge/etc'
Using monoOptions --debugger-agent=transport=dt_socket,embedding=1,server=y,suspend=n,address=127.0.0.1:56692
Begin MonoManager ReloadAssembly
Registering precompiled unity dll's ...
Register platform support module: D:/Data/2020.3.3f1/Editor/Data/PlaybackEngines/WindowsStandaloneSupport/UnityEditor.WindowsStandalone.Extensions.dll
Registered in 0.001569 seconds.
Native extension for WindowsStandalone target not found
Refreshing native plugins compatible for Editor in 28.75 ms, found 0 plugins.
Preloading 0 native plugins for Editor in 0.00 ms.
Invoked RoslynAnalysisRunner static constructor.
RoslynAnalysisRunner will not be running.
RoslynAnalysisRunner has terminated.
Mono: successfully reloaded assembly
- Completed reload, in  2.240 seconds
Platform modules already initialized, skipping
Registering precompiled user dll's ...
Registered in 0.001034 seconds.
Begin MonoManager ReloadAssembly
Native extension for WindowsStandalone target not found
Refreshing native plugins compatible for Editor in 0.29 ms, found 0 plugins.
Preloading 0 native plugins for Editor in 0.00 ms.
Invoked RoslynAnalysisRunner static constructor.
RoslynAnalysisRunner will not be running.
RoslynAnalysisRunner has terminated.
Mono: successfully reloaded assembly
- Completed reload, in  1.012 seconds
Platform modules already initialized, skipping
========================================================================
Worker process is ready to serve import requests
Launched and connected shader compiler UnityShaderCompiler.exe after 0.06 seconds
Refreshing native plugins compatible for Editor in 0.35 ms, found 0 plugins.
Preloading 0 native plugins for Editor in 0.00 ms.
Unloading 1117 Unused Serialized files (Serialized files now loaded: 0)
System memory in use before: 59.6 MB.
System memory in use after: 59.6 MB.

Unloading 9 unused Assets to reduce memory usage. Loaded Objects now: 1560.
Total: 1.653800 ms (FindLiveObjects: 0.184700 ms CreateObjectMapping: 0.061700 ms MarkObjects: 1.342300 ms  DeleteObjects: 0.063700 ms)

========================================================================
Received Import Request.
  path: Assets/naruto.jpg
  artifactKey: Guid(7910410276ef58341800cc1d0c814806) Importer(815301076,1909f56bfc062723c751e8b465ee728b)
Start importing Assets/naruto.jpg using Guid(7910410276ef58341800cc1d0c814806) Importer(815301076,1909f56bfc062723c751e8b465ee728b)  -> (artifact id: 'd8ac935fc337457cfee897db4b55d6c6') in 0.138511 seconds
  Import took 0.140609 seconds .

========================================================================
Received Import Request.
  Time since last request: 0.000303 seconds.
  path: Assets/Ob_color.mat
  artifactKey: Guid(0327c8fc512ecaf49bb9a547db73dd0d) Importer(815301076,1909f56bfc062723c751e8b465ee728b)
Start importing Assets/Ob_color.mat using Guid(0327c8fc512ecaf49bb9a547db73dd0d) Importer(815301076,1909f56bfc062723c751e8b465ee728b)  -> (artifact id: '81f415760aa84245e65c35f3f64eb806') in 0.486349 seconds
  Import took 0.489329 seconds .

========================================================================
Received Import Request.
  Time since last request: 0.000267 seconds.
  path: Assets/onepiece.jpg
  artifactKey: Guid(f3ba2951683baca4388bc2984a8f08ad) Importer(815301076,1909f56bfc062723c751e8b465ee728b)
Start importing Assets/onepiece.jpg using Guid(f3ba2951683baca4388bc2984a8f08ad) Importer(815301076,1909f56bfc062723c751e8b465ee728b)  -> (artifact id: '7276809003aed4745e93e74c29ce38ab') in 0.012237 seconds
  Import took 0.014553 seconds .

========================================================================
Received Import Request.
  Time since last request: 0.000241 seconds.
  path: Assets/Cu_Color.mat
  artifactKey: Guid(c13dd59a32a041645b3f785570bb21fc) Importer(815301076,1909f56bfc062723c751e8b465ee728b)
Start importing Assets/Cu_Color.mat using Guid(c13dd59a32a041645b3f785570bb21fc) Importer(815301076,1909f56bfc062723c751e8b465ee728b)  -> (artifact id: '1a254ce8910a3f960c44e5a33971130f') in 0.018722 seconds
  Import took 0.021604 seconds .

========================================================================
Received Import Request.
  Time since last request: 0.000311 seconds.
  path: Assets/Plane_Color.mat
  artifactKey: Guid(fd1c6db42ec3e404ab4d6987d1c05ed7) Importer(815301076,1909f56bfc062723c751e8b465ee728b)
Start importing Assets/Plane_Color.mat using Guid(fd1c6db42ec3e404ab4d6987d1c05ed7) Importer(815301076,1909f56bfc062723c751e8b465ee728b)  -> (artifact id: 'ba3cdc3a8b9ffc305b97a9278a40ea08') in 0.014298 seconds
  Import took 0.017668 seconds .

========================================================================
Received Import Request.
  Time since last request: 0.000333 seconds.
  path: Assets/Cu_Pysic.physicMaterial
  artifactKey: Guid(b1376cd1f0d1ad44eb8d3366841fee63) Importer(815301076,1909f56bfc062723c751e8b465ee728b)
Start importing Assets/Cu_Pysic.physicMaterial using Guid(b1376cd1f0d1ad44eb8d3366841fee63) Importer(815301076,1909f56bfc062723c751e8b465ee728b)  -> (artifact id: 'f76acf611da9918b4a792a933078fcb8') in 0.017323 seconds
  Import took 0.021751 seconds .

========================================================================
Received Prepare
Registering precompiled user dll's ...
Registered in 0.001411 seconds.
Begin MonoManager ReloadAssembly
Native extension for WindowsStandalone target not found
Refreshing native plugins compatible for Editor in 0.19 ms, found 0 plugins.
Preloading 0 native plugins for Editor in 0.00 ms.
Invoked RoslynAnalysisRunner static constructor.
RoslynAnalysisRunner will not be running.
RoslynAnalysisRunner has terminated.
Mono: successfully reloaded assembly
- Completed reload, in  1.233 seconds
Platform modules already initialized, skipping
Refreshing native plugins compatible for Editor in 0.24 ms, found 0 plugins.
Preloading 0 native plugins for Editor in 0.00 ms.
Unloading 1112 Unused Serialized files (Serialized files now loaded: 0)
System memory in use before: 62.9 MB.
System memory in use after: 63.0 MB.

Unloading 4 unused Assets to reduce memory usage. Loaded Objects now: 1605.
Total: 2.347600 ms (FindLiveObjects: 0.192800 ms CreateObjectMapping: 0.053900 ms MarkObjects: 2.068900 ms  DeleteObjects: 0.030200 ms)

